<?xml version="1.0" encoding="UTF-8"?>
<testsuite name="example.ExampleTest" tests="1" skipped="0" failures="0" errors="0" timestamp="2018-06-09T04:23:12" hostname="MacBook-Pro-2.attlocal.net" time="0.355">
  <properties/>
  <testcase name="testJoin" classname="example.ExampleTest" time="0.355"/>
  <system-out><![CDATA[]]></system-out>
  <system-err><![CDATA[]]></system-err>
</testsuite>
